2023-10-19 22:41:05.015  INFO 27844 --- [main] c.s.safetynetalerts.SafetyNetAlertsApp   : Starting SafetyNetAlertsApp using Java 17.0.6 on LAPTOP-PN5D3RE4 with PID 27844 (D:\prog_web\prog\Project 5\New folder\My\production\SafetyNetAlerts\target\classes started by igoro in D:\prog_web\prog\Project 5\New folder\My\production\SafetyNetAlerts)
2023-10-19 22:41:05.034 DEBUG 27844 --- [main] c.s.safetynetalerts.SafetyNetAlertsApp   : Running with Spring Boot v2.5.6, Spring v5.3.12
2023-10-19 22:41:05.034  INFO 27844 --- [main] c.s.safetynetalerts.SafetyNetAlertsApp   : No active profile set, falling back to default profiles: default
2023-10-19 22:41:05.913  INFO 27844 --- [main] o.s.b.w.embedded.tomcat.TomcatWebServer  : Tomcat initialized with port(s): 8080 (http)
2023-10-19 22:41:05.921  INFO 27844 --- [main] o.apache.catalina.core.StandardService   : Starting service [Tomcat]
2023-10-19 22:41:05.921  INFO 27844 --- [main] org.apache.catalina.core.StandardEngine  : Starting Servlet engine: [Apache Tomcat/9.0.54]
2023-10-19 22:41:06.005  INFO 27844 --- [main] o.a.c.c.C.[Tomcat].[localhost].[/]       : Initializing Spring embedded WebApplicationContext
2023-10-19 22:41:06.005  INFO 27844 --- [main] w.s.c.ServletWebServerApplicationContext : Root WebApplicationContext: initialization completed in 927 ms
2023-10-19 22:41:06.485  INFO 27844 --- [main] o.s.b.a.e.web.EndpointLinksResolver      : Exposing 4 endpoint(s) beneath base path '/actuator'
2023-10-19 22:41:06.546  INFO 27844 --- [main] o.s.b.w.embedded.tomcat.TomcatWebServer  : Tomcat started on port(s): 8080 (http) with context path ''
2023-10-19 22:41:06.559  INFO 27844 --- [main] c.s.safetynetalerts.SafetyNetAlertsApp   : Started SafetyNetAlertsApp in 1.899 seconds (JVM running for 2.617)
2023-10-19 22:41:06.585 DEBUG 27844 --- [main] c.s.safetynetalerts.service.JSONReader   : Persons info have been loaded from the data.json file
2023-10-19 22:41:06.586 DEBUG 27844 --- [main] c.s.safetynetalerts.service.JSONReader   : Fire stations info have been loaded from the data.json file
2023-10-19 22:41:06.595 DEBUG 27844 --- [main] c.s.safetynetalerts.service.JSONReader   : Medical records info have been loaded from the data.json file
2023-10-19 22:41:07.112  INFO 27844 --- [RMI TCP Connection(1)-172.31.16.1] o.a.c.c.C.[Tomcat].[localhost].[/]       : Initializing Spring DispatcherServlet 'dispatcherServlet'
2023-10-19 22:41:07.115  INFO 27844 --- [RMI TCP Connection(1)-172.31.16.1] o.s.web.servlet.DispatcherServlet        : Initializing Servlet 'dispatcherServlet'
2023-10-19 22:41:07.116  INFO 27844 --- [RMI TCP Connection(1)-172.31.16.1] o.s.web.servlet.DispatcherServlet        : Completed initialization in 1 ms
2023-10-19 22:41:23.474 DEBUG 27844 --- [http-nio-8080-exec-2] c.s.s.controller.FireStationController   : HTTP GET request recieved at /firestation URL
2023-10-19 22:41:23.485  INFO 27844 --- [http-nio-8080-exec-2] c.s.s.controller.FireStationController   : Success.The list of people served by the corresponding fire station was created.
2023-10-19 22:42:33.161 DEBUG 27844 --- [http-nio-8080-exec-5] c.s.s.controller.PersonController        : HTTP GET request received for /childAlert URL
2023-10-19 22:42:33.162  INFO 27844 --- [http-nio-8080-exec-5] c.s.s.controller.PersonController        : Success.The list of children and other persons living at provided address was created.
2023-10-19 23:53:36.538 DEBUG 27844 --- [http-nio-8080-exec-8] c.s.s.controller.FireStationController   : HTTP GET request recieved at /fire URL
2023-10-19 23:53:36.557  INFO 27844 --- [http-nio-8080-exec-8] c.s.s.controller.FireStationController   : Success. Lists of households and personal information of each habitant in it were created.
